<?xml version="1.0" encoding="UTF-8"?>
<testng-results total="2" passed="2" failed="0" skipped="0">
  <reporter-output>
  </reporter-output>
  <suite started-at="2019-05-17T01:20:19Z" name="Arun Test" finished-at="2019-05-17T01:20:46Z" duration-ms="27477">
    <groups>
    </groups>
    <test started-at="2019-05-17T01:20:19Z" name="Test" finished-at="2019-05-17T01:20:46Z" duration-ms="27477">
      <class name="test.Landing_Test">
        <test-method is-config="true" signature="initialize()[pri:0, instance:test.Landing_Test@5d740a0f]" started-at="2019-05-17T06:50:19Z" name="initialize" finished-at="2019-05-17T06:50:32Z" duration-ms="12686" status="PASS">
          <reporter-output>
          </reporter-output>
        </test-method> <!-- initialize -->
        <test-method signature="validateAppTitle()[pri:0, instance:test.Landing_Test@5d740a0f]" started-at="2019-05-17T06:50:32Z" name="validateAppTitle" finished-at="2019-05-17T06:50:32Z" duration-ms="129" status="PASS">
          <reporter-output>
          </reporter-output>
        </test-method> <!-- validateAppTitle -->
        <test-method is-config="true" signature="teardown()[pri:0, instance:test.Landing_Test@5d740a0f]" started-at="2019-05-17T06:50:44Z" name="teardown" finished-at="2019-05-17T06:50:46Z" duration-ms="2128" status="PASS">
          <reporter-output>
          </reporter-output>
        </test-method> <!-- teardown -->
      </class> <!-- test.Landing_Test -->
      <class name="test.Login_Test">
        <test-method signature="basePageNavigation()[pri:0, instance:test.Login_Test@214b199c]" started-at="2019-05-17T06:50:32Z" name="basePageNavigation" finished-at="2019-05-17T06:50:44Z" duration-ms="12512" status="PASS">
          <reporter-output>
          </reporter-output>
        </test-method> <!-- basePageNavigation -->
      </class> <!-- test.Login_Test -->
    </test> <!-- Test -->
  </suite> <!-- Arun Test -->
</testng-results>
